2017-12-09 15:32:07.103 [main] WARN  org.springframework.cloud.config.client.ConfigServicePropertySourceLocator - Could not locate PropertySource: I/O error on GET request for "http://localhost:8888/pig-auth-service/default": Connection refused: connect; nested exception is java.net.ConnectException: Connection refused: connect
2017-12-09 15:32:10.280 [main] WARN  com.netflix.config.sources.URLConfigurationSource - No URLs will be polled as dynamic configuration sources.
2017-12-09 15:32:10.284 [main] WARN  com.netflix.config.sources.URLConfigurationSource - No URLs will be polled as dynamic configuration sources.
2017-12-09 15:32:13.344 [main] WARN  com.netflix.discovery.DiscoveryClient - Saw local status change event StatusChangeEvent [timestamp=1512804733344, current=DOWN, previous=UP]
2017-12-09 15:32:46.549 [main] WARN  org.springframework.cloud.config.client.ConfigServicePropertySourceLocator - Could not locate PropertySource: I/O error on GET request for "http://localhost:8888/pig-auth-service/default": Connection refused: connect; nested exception is java.net.ConnectException: Connection refused: connect
2017-12-09 15:32:49.062 [main] WARN  com.netflix.config.sources.URLConfigurationSource - No URLs will be polled as dynamic configuration sources.
2017-12-09 15:32:49.066 [main] WARN  com.netflix.config.sources.URLConfigurationSource - No URLs will be polled as dynamic configuration sources.
2017-12-09 15:32:52.188 [main] WARN  com.netflix.discovery.DiscoveryClient - Saw local status change event StatusChangeEvent [timestamp=1512804772188, current=DOWN, previous=UP]
2017-12-09 15:36:46.071 [main] WARN  org.springframework.cloud.config.client.ConfigServicePropertySourceLocator - Could not locate PropertySource: I/O error on GET request for "http://localhost:8888/pig-auth-service/default": Connection refused: connect; nested exception is java.net.ConnectException: Connection refused: connect
2017-12-09 15:36:48.451 [main] WARN  com.netflix.config.sources.URLConfigurationSource - No URLs will be polled as dynamic configuration sources.
2017-12-09 15:36:48.455 [main] WARN  com.netflix.config.sources.URLConfigurationSource - No URLs will be polled as dynamic configuration sources.
2017-12-09 15:36:52.715 [RMI TCP Connection(7)-169.254.65.95] WARN  org.springframework.cloud.config.client.ConfigServicePropertySourceLocator - Could not locate PropertySource: I/O error on GET request for "http://localhost:8888/pig-auth-service/default": Connection refused: connect; nested exception is java.net.ConnectException: Connection refused: connect
2017-12-09 16:59:15.105 [main] WARN  org.springframework.cloud.config.client.ConfigServicePropertySourceLocator - Could not locate PropertySource: I/O error on GET request for "http://localhost:8888/pig-auth-service/default": Connection refused: connect; nested exception is java.net.ConnectException: Connection refused: connect
2017-12-09 16:59:18.942 [main] WARN  org.springframework.security.oauth2.provider.token.store.JwtAccessTokenConverter - Unable to create an RSA verifier from verifierKey (ignoreable if using MAC)
2017-12-09 16:59:19.562 [main] WARN  com.netflix.config.sources.URLConfigurationSource - No URLs will be polled as dynamic configuration sources.
2017-12-09 16:59:19.567 [main] WARN  com.netflix.config.sources.URLConfigurationSource - No URLs will be polled as dynamic configuration sources.
2017-12-09 16:59:24.376 [RMI TCP Connection(10)-169.254.65.95] WARN  org.springframework.cloud.config.client.ConfigServicePropertySourceLocator - Could not locate PropertySource: I/O error on GET request for "http://localhost:8888/pig-auth-service/default": Connection refused: connect; nested exception is java.net.ConnectException: Connection refused: connect
2017-12-09 17:13:45.158 [main] WARN  org.springframework.cloud.config.client.ConfigServicePropertySourceLocator - Could not locate PropertySource: I/O error on GET request for "http://localhost:8888/pig-auth-service/default": Connection refused: connect; nested exception is java.net.ConnectException: Connection refused: connect
2017-12-09 17:13:48.463 [main] WARN  org.springframework.security.oauth2.provider.token.store.JwtAccessTokenConverter - Unable to create an RSA verifier from verifierKey (ignoreable if using MAC)
2017-12-09 17:13:48.979 [main] WARN  com.netflix.config.sources.URLConfigurationSource - No URLs will be polled as dynamic configuration sources.
2017-12-09 17:13:48.983 [main] WARN  com.netflix.config.sources.URLConfigurationSource - No URLs will be polled as dynamic configuration sources.
2017-12-09 17:13:53.877 [RMI TCP Connection(12)-169.254.65.95] WARN  org.springframework.cloud.config.client.ConfigServicePropertySourceLocator - Could not locate PropertySource: I/O error on GET request for "http://localhost:8888/pig-auth-service/default": Connection refused: connect; nested exception is java.net.ConnectException: Connection refused: connect
